<?xml version="1.0" encoding="utf-8"?><testsuites name="pytest tests"><testsuite name="pytest" errors="0" failures="0" skipped="0" tests="2" time="0.252" timestamp="2026-03-24T23:32:38.928498+00:00" hostname="agent-env-2a5ce3cd-9dba-4e53-99b9-90ef24c14d2b"><testcase classname="backend.tests.test_ai_text_to_cad_primitives.TestAITextToCadPrimitives" name="test_block_prompt_returns_single_rectangle_with_expected_depth" time="0.124" /><testcase classname="backend.tests.test_ai_text_to_cad_primitives.TestAITextToCadPrimitives" name="test_cylinder_prompt_returns_single_circle_with_cylinder_depth" time="0.109" /></testsuite></testsuites>