<?xml version="1.0" encoding="utf-8"?><testsuites name="pytest tests"><testsuite name="pytest" errors="0" failures="0" skipped="0" tests="6" time="2.989" timestamp="2026-04-04T04:55:44.971247+00:00" hostname="agent-env-2a5ce3cd-9dba-4e53-99b9-90ef24c14d2b"><testcase classname="backend.tests.test_ai_text_to_cad_primitives.TestAITextToCadPrimitives" name="test_block_prompt_returns_single_rectangle_with_expected_depth" time="0.197" /><testcase classname="backend.tests.test_ai_text_to_cad_primitives.TestAITextToCadPrimitives" name="test_cylinder_prompt_returns_single_circle_with_cylinder_depth" time="0.129" /><testcase classname="backend.tests.test_payments_stripe_flow.TestPaymentsStripeFlow" name="test_get_packages_returns_at_least_one_upgrade" time="0.145" /><testcase classname="backend.tests.test_payments_stripe_flow.TestPaymentsStripeFlow" name="test_create_checkout_session_authenticated_user" time="1.027" /><testcase classname="backend.tests.test_payments_stripe_flow.TestPaymentsStripeFlow" name="test_checkout_status_before_payment_returns_open_unpaid_state" time="1.034" /><testcase classname="backend.tests.test_payments_stripe_flow.TestPaymentsStripeFlow" name="test_legacy_premium_code_activation_still_works" time="0.429" /></testsuite></testsuites>